This is pdfTeX, Version 3.14159265-2.6-1.40.17 (TeX Live 2016) (preloaded format=pdflatex 2016.5.22)  15 AUG 2017 04:34
entering extended mode
 restricted \write18 enabled.
 %&-line parsing enabled.
**Opioids.tex
(./Opioids.tex
LaTeX2e <2016/03/31>
Babel <3.9r> and hyphenation patterns for 83 language(s) loaded.
(/usr/local/texlive/2016/texmf-dist/tex/latex/base/article.cls
Document Class: article 2014/09/29 v1.4h Standard LaTeX document class
(/usr/local/texlive/2016/texmf-dist/tex/latex/base/size11.clo
File: size11.clo 2014/09/29 v1.4h Standard LaTeX file (size option)
)
\c@part=\count79
\c@section=\count80
\c@subsection=\count81
\c@subsubsection=\count82
\c@paragraph=\count83
\c@subparagraph=\count84
\c@figure=\count85
\c@table=\count86
\abovecaptionskip=\skip41
\belowcaptionskip=\skip42
\bibindent=\dimen102
)
(/usr/local/texlive/2016/texmf-dist/tex/latex/graphics/graphicx.sty
Package: graphicx 2014/10/28 v1.0g Enhanced LaTeX Graphics (DPC,SPQR)

(/usr/local/texlive/2016/texmf-dist/tex/latex/graphics/keyval.sty
Package: keyval 2014/10/28 v1.15 key=value parser (DPC)
\KV@toks@=\toks14
)
(/usr/local/texlive/2016/texmf-dist/tex/latex/graphics/graphics.sty
Package: graphics 2016/05/09 v1.0r Standard LaTeX Graphics (DPC,SPQR)

(/usr/local/texlive/2016/texmf-dist/tex/latex/graphics/trig.sty
Package: trig 2016/01/03 v1.10 sin cos tan (DPC)
)
(/usr/local/texlive/2016/texmf-dist/tex/latex/graphics-cfg/graphics.cfg
File: graphics.cfg 2016/01/02 v1.10 sample graphics configuration
)
Package graphics Info: Driver file: pdftex.def on input line 96.

(/usr/local/texlive/2016/texmf-dist/tex/latex/pdftex-def/pdftex.def
File: pdftex.def 2011/05/27 v0.06d Graphics/color for pdfTeX

(/usr/local/texlive/2016/texmf-dist/tex/generic/oberdiek/infwarerr.sty
Package: infwarerr 2016/05/16 v1.4 Providing info/warning/error messages (HO)
)
(/usr/local/texlive/2016/texmf-dist/tex/generic/oberdiek/ltxcmds.sty
Package: ltxcmds 2016/05/16 v1.23 LaTeX kernel commands for general use (HO)
)
\Gread@gobject=\count87
))
\Gin@req@height=\dimen103
\Gin@req@width=\dimen104
)
(/usr/local/texlive/2016/texmf-dist/tex/latex/adjustbox/adjustbox.sty
Package: adjustbox 2012/05/21 v1.0 Adjusting TeX boxes (trim, clip, ...)

(/usr/local/texlive/2016/texmf-dist/tex/latex/xkeyval/xkeyval.sty
Package: xkeyval 2014/12/03 v2.7a package option processing (HA)

(/usr/local/texlive/2016/texmf-dist/tex/generic/xkeyval/xkeyval.tex
(/usr/local/texlive/2016/texmf-dist/tex/generic/xkeyval/xkvutils.tex
\XKV@toks=\toks15
\XKV@tempa@toks=\toks16
)
\XKV@depth=\count88
File: xkeyval.tex 2014/12/03 v2.7a key=value parser (HA)
))
(/usr/local/texlive/2016/texmf-dist/tex/latex/adjustbox/adjcalc.sty
Package: adjcalc 2012/05/16 v1.1 Provides advanced setlength with multiple back
-ends (calc, etex, pgfmath)
)
(/usr/local/texlive/2016/texmf-dist/tex/latex/adjustbox/trimclip.sty
Package: trimclip 2012/05/16 v1.0 Trim and clip general TeX material

(/usr/local/texlive/2016/texmf-dist/tex/latex/collectbox/collectbox.sty
Package: collectbox 2012/05/17 v0.4b Collect macro arguments as boxes
\collectedbox=\box26
)
\tc@llx=\dimen105
\tc@lly=\dimen106
\tc@urx=\dimen107
\tc@ury=\dimen108
Package trimclip Info: Using driver 'tc-pdftex.def'.

(/usr/local/texlive/2016/texmf-dist/tex/latex/adjustbox/tc-pdftex.def
File: tc-pdftex.def 2012/05/13 v1.0 Clipping driver for pdftex
))
\adjbox@Width=\dimen109
\adjbox@Height=\dimen110
\adjbox@Depth=\dimen111
\adjbox@Totalheight=\dimen112

(/usr/local/texlive/2016/texmf-dist/tex/latex/ifoddpage/ifoddpage.sty
Package: ifoddpage 2016/04/23 v1.1 Conditionals for odd/even page detection
\c@checkoddpage=\count89
)
(/usr/local/texlive/2016/texmf-dist/tex/latex/varwidth/varwidth.sty
Package: varwidth 2009/03/30 ver 0.92;  Variable-width minipages
\@vwid@box=\box27
\sift@deathcycles=\count90
\@vwid@loff=\dimen113
\@vwid@roff=\dimen114
))
(/usr/local/texlive/2016/texmf-dist/tex/latex/natbib/natbib.sty
Package: natbib 2010/09/13 8.31b (PWD, AO)
\bibhang=\skip43
\bibsep=\skip44
LaTeX Info: Redefining \cite on input line 694.
\c@NAT@ctr=\count91
) (./Opioids.aux

LaTeX Warning: Label `DD1' multiply defined.

)
\openout1 = `Opioids.aux'.

LaTeX Font Info:    Checking defaults for OML/cmm/m/it on input line 15.
LaTeX Font Info:    ... okay on input line 15.
LaTeX Font Info:    Checking defaults for T1/cmr/m/n on input line 15.
LaTeX Font Info:    ... okay on input line 15.
LaTeX Font Info:    Checking defaults for OT1/cmr/m/n on input line 15.
LaTeX Font Info:    ... okay on input line 15.
LaTeX Font Info:    Checking defaults for OMS/cmsy/m/n on input line 15.
LaTeX Font Info:    ... okay on input line 15.
LaTeX Font Info:    Checking defaults for OMX/cmex/m/n on input line 15.
LaTeX Font Info:    ... okay on input line 15.
LaTeX Font Info:    Checking defaults for U/cmr/m/n on input line 15.
LaTeX Font Info:    ... okay on input line 15.
 (/usr/local/texlive/2016/texmf-dist/tex/context/base/mkii/supp-pdf.mkii
[Loading MPS to PDF converter (version 2006.09.02).]
\scratchcounter=\count92
\scratchdimen=\dimen115
\scratchbox=\box28
\nofMPsegments=\count93
\nofMParguments=\count94
\everyMPshowfont=\toks17
\MPscratchCnt=\count95
\MPscratchDim=\dimen116
\MPnumerator=\count96
\makeMPintoPDFobject=\count97
\everyMPtoPDFconversion=\toks18
) (/usr/local/texlive/2016/texmf-dist/tex/generic/oberdiek/pdftexcmds.sty
Package: pdftexcmds 2016/05/10 v0.21 Utility functions of pdfTeX for LuaTeX (HO
)

(/usr/local/texlive/2016/texmf-dist/tex/generic/oberdiek/ifluatex.sty
Package: ifluatex 2016/05/16 v1.4 Provides the ifluatex switch (HO)
Package ifluatex Info: LuaTeX not detected.
)
(/usr/local/texlive/2016/texmf-dist/tex/generic/oberdiek/ifpdf.sty
Package: ifpdf 2016/05/14 v3.1 Provides the ifpdf switch
)
Package pdftexcmds Info: LuaTeX not detected.
Package pdftexcmds Info: \pdf@primitive is available.
Package pdftexcmds Info: \pdf@ifprimitive is available.
Package pdftexcmds Info: \pdfdraftmode found.
)
(/usr/local/texlive/2016/texmf-dist/tex/latex/oberdiek/epstopdf-base.sty
Package: epstopdf-base 2016/05/15 v2.6 Base part for package epstopdf

(/usr/local/texlive/2016/texmf-dist/tex/latex/oberdiek/grfext.sty
Package: grfext 2016/05/16 v1.2 Manage graphics extensions (HO)

(/usr/local/texlive/2016/texmf-dist/tex/generic/oberdiek/kvdefinekeys.sty
Package: kvdefinekeys 2016/05/16 v1.4 Define keys (HO)
))
(/usr/local/texlive/2016/texmf-dist/tex/latex/oberdiek/kvoptions.sty
Package: kvoptions 2016/05/16 v3.12 Key value format for package options (HO)

(/usr/local/texlive/2016/texmf-dist/tex/generic/oberdiek/kvsetkeys.sty
Package: kvsetkeys 2016/05/16 v1.17 Key value parser (HO)

(/usr/local/texlive/2016/texmf-dist/tex/generic/oberdiek/etexcmds.sty
Package: etexcmds 2016/05/16 v1.6 Avoid name clashes with e-TeX commands (HO)
Package etexcmds Info: Could not find \expanded.
(etexcmds)             That can mean that you are not using pdfTeX 1.50 or
(etexcmds)             that some package has redefined \expanded.
(etexcmds)             In the latter case, load this package earlier.
)))
Package grfext Info: Graphics extension search list:
(grfext)             [.png,.pdf,.jpg,.mps,.jpeg,.jbig2,.jb2,.PNG,.PDF,.JPG,.JPE
G,.JBIG2,.JB2,.eps]
(grfext)             \AppendGraphicsExtensions on input line 456.

(/usr/local/texlive/2016/texmf-dist/tex/latex/latexconfig/epstopdf-sys.cfg
File: epstopdf-sys.cfg 2010/07/13 v1.3 Configuration of (r)epstopdf for TeX Liv
e
))
LaTeX Font Info:    External font `cmex10' loaded for size
(Font)              <12> on input line 17.
LaTeX Font Info:    External font `cmex10' loaded for size
(Font)              <8> on input line 17.
LaTeX Font Info:    External font `cmex10' loaded for size
(Font)              <6> on input line 17.

[1

{/usr/local/texlive/2016/texmf-var/fonts/map/pdftex/updmap/pdftex.map}]
LaTeX Font Info:    External font `cmex10' loaded for size
(Font)              <10.95> on input line 41.

[2]
LaTeX Font Info:    External font `cmex10' loaded for size
(Font)              <9> on input line 50.
LaTeX Font Info:    External font `cmex10' loaded for size
(Font)              <5> on input line 50.
 [3] [4] [5] [6] [7] <images/medsum1.png, id=32, 894.34125pt x 650.43pt>
File: images/medsum1.png Graphic file (type png)

<use images/medsum1.png>
Package pdftex.def Info: images/medsum1.png used on input line 87.
(pdftex.def)             Requested size: 298.10846pt x 216.81pt.
 <images/bupe.png, id=33, 670.505pt x 486.81876pt>
File: images/bupe.png Graphic file (type png)

<use images/bupe.png>
Package pdftex.def Info: images/bupe.png used on input line 95.
(pdftex.def)             Requested size: 298.61421pt x 216.81pt.
 <images/methadone.png, id=34, 894.34125pt x 650.43pt>
File: images/methadone.png Graphic file (type png)

<use images/methadone.png>
Package pdftex.def Info: images/methadone.png used on input line 103.
(pdftex.def)             Requested size: 298.10846pt x 216.81pt.

<images/fentanyl.png, id=35, 894.34125pt x 650.43pt>
File: images/fentanyl.png Graphic file (type png)
 <use images/fentanyl.png>
Package pdftex.def Info: images/fentanyl.png used on input line 111.
(pdftex.def)             Requested size: 298.10846pt x 216.81pt.

<images/opioidsum.png, id=36, 670.505pt x 486.81876pt>
File: images/opioidsum.png Graphic file (type png)

<use images/opioidsum.png>
Package pdftex.def Info: images/opioidsum.png used on input line 119.
(pdftex.def)             Requested size: 283.68709pt x 205.96994pt.

<images/primarytreatopioid.png, id=37, 755.82375pt x 549.05125pt>
File: images/primarytreatopioid.png Graphic file (type png)

<use images/primarytreatopioid.png>
Package pdftex.def Info: images/primarytreatopioid.png used on input line 127.
(pdftex.def)             Requested size: 283.537pt x 205.96994pt.

<images/opioiddependence.png, id=38, 755.82375pt x 549.05125pt>
File: images/opioiddependence.png Graphic file (type png)

<use images/opioiddependence.png>
Package pdftex.def Info: images/opioiddependence.png used on input line 135.
(pdftex.def)             Requested size: 283.537pt x 205.96994pt.

<images/opioidabuse.png, id=39, 755.82375pt x 549.05125pt>
File: images/opioidabuse.png Graphic file (type png)

<use images/opioidabuse.png>
Package pdftex.def Info: images/opioidabuse.png used on input line 144.
(pdftex.def)             Requested size: 283.537pt x 205.96994pt.
 [8 <./images/medsum1.png (PNG copy)> <./images/bupe.png (PNG copy)>] [9 <./ima
ges/methadone.png (PNG copy)> <./images/fentanyl.png (PNG copy)>] [10 <./images
/opioidsum.png (PNG copy)> <./images/primarytreatopioid.png (PNG copy)>] [11 <.
/images/opioiddependence.png (PNG copy)> <./images/opioidabuse.png (PNG copy)>]
 [12


] [13] [14


] [15] [16] [17] [18]
<images/ES_sum.png, id=80, 594.22pt x 431.6125pt>
File: images/ES_sum.png Graphic file (type png)
 <use images/ES_sum.png>
Package pdftex.def Info: images/ES_sum.png used on input line 372.
(pdftex.def)             Requested size: 360.0pt x 261.49846pt.

<images/ES_bupe.png, id=81, 594.22pt x 431.6125pt>
File: images/ES_bupe.png Graphic file (type png)
 <use images/ES_bupe.png>
Package pdftex.def Info: images/ES_bupe.png used on input line 378.
(pdftex.def)             Requested size: 360.0pt x 261.49846pt.

<images/ES_methadone.png, id=82, 594.22pt x 431.6125pt>
File: images/ES_methadone.png Graphic file (type png)

<use images/ES_methadone.png>
Package pdftex.def Info: images/ES_methadone.png used on input line 384.
(pdftex.def)             Requested size: 360.0pt x 261.49846pt.

<images/ES_fentanyl.png, id=83, 594.22pt x 431.6125pt>
File: images/ES_fentanyl.png Graphic file (type png)

<use images/ES_fentanyl.png>
Package pdftex.def Info: images/ES_fentanyl.png used on input line 390.
(pdftex.def)             Requested size: 360.0pt x 261.49846pt.

<images/ES_opioidsum.png, id=84, 594.22pt x 431.6125pt>
File: images/ES_opioidsum.png Graphic file (type png)

<use images/ES_opioidsum.png>
Package pdftex.def Info: images/ES_opioidsum.png used on input line 396.
(pdftex.def)             Requested size: 360.0pt x 261.49846pt.

<images/ES_primarytreatopioid.png, id=85, 594.22pt x 431.6125pt>
File: images/ES_primarytreatopioid.png Graphic file (type png)

<use images/ES_primarytreatopioid.png>
Package pdftex.def Info: images/ES_primarytreatopioid.png used on input line 40
2.
(pdftex.def)             Requested size: 360.0pt x 261.49846pt.

<images/ES_opioiddependence.png, id=86, 594.22pt x 431.6125pt>
File: images/ES_opioiddependence.png Graphic file (type png)

<use images/ES_opioiddependence.png>
Package pdftex.def Info: images/ES_opioiddependence.png used on input line 408.

(pdftex.def)             Requested size: 360.0pt x 261.49846pt.

<images/ES_opioidabuse.png, id=87, 594.22pt x 431.6125pt>
File: images/ES_opioidabuse.png Graphic file (type png)

<use images/ES_opioidabuse.png>
Package pdftex.def Info: images/ES_opioidabuse.png used on input line 415.
(pdftex.def)             Requested size: 360.0pt x 261.49846pt.
 [19] [20 <./images/ES_sum.png (PNG copy)>]
[21 <./images/ES_bupe.png (PNG copy)>] [22 <./images/ES_methadone.png (PNG copy
)>] [23 <./images/ES_fentanyl.png (PNG copy)>] [24 <./images/ES_opioidsum.png (
PNG copy)>] [25 <./images/ES_primarytreatopioid.png (PNG copy)>] [26 <./images/
ES_opioiddependence.png (PNG copy)>] [27 <./images/ES_opioidabuse.png (PNG copy
)>]
Overfull \hbox (18.31174pt too wide) in paragraph at lines 431--464
 [][] 
 []


Overfull \hbox (18.31174pt too wide) in paragraph at lines 474--507
 [][] 
 []

[28

] [29] (./Opioids.bbl [30

]
Missing character: There is no â in font cmr10!
Missing character: There is no € in font cmr10!
Missing character: There is no ” in font cmr10!
 [31]
Missing character: There is no â in font cmr10!
Missing character: There is no € in font cmr10!
Missing character: There is no ” in font cmr10!
Missing character: There is no â in font cmr10!
Missing character: There is no € in font cmr10!
Missing character: There is no “ in font cmr10!
 [32])
Overfull \hbox (1.1252pt too wide) in paragraph at lines 534--554
 [][] 
 []

[33] (./Opioids.aux)

LaTeX Warning: There were multiply-defined labels.

 ) 
Here is how much of TeX's memory you used:
 2765 strings out of 493014
 41985 string characters out of 6133351
 119712 words of memory out of 5000000
 6253 multiletter control sequences out of 15000+600000
 10071 words of font info for 35 fonts, out of 8000000 for 9000
 1141 hyphenation exceptions out of 8191
 38i,9n,35p,1289b,311s stack positions out of 5000i,500n,10000p,200000b,80000s
</usr/local/texlive/2016/texmf-dist/fonts/type1/public/amsfonts/cm/cmbx10.pfb
></usr/local/texlive/2016/texmf-dist/fonts/type1/public/amsfonts/cm/cmbx12.pfb>
</usr/local/texlive/2016/texmf-dist/fonts/type1/public/amsfonts/cm/cmbx8.pfb></
usr/local/texlive/2016/texmf-dist/fonts/type1/public/amsfonts/cm/cmex10.pfb></u
sr/local/texlive/2016/texmf-dist/fonts/type1/public/amsfonts/cm/cmmi10.pfb></us
r/local/texlive/2016/texmf-dist/fonts/type1/public/amsfonts/cm/cmmi8.pfb></usr/
local/texlive/2016/texmf-dist/fonts/type1/public/amsfonts/cm/cmr10.pfb></usr/lo
cal/texlive/2016/texmf-dist/fonts/type1/public/amsfonts/cm/cmr12.pfb></usr/loca
l/texlive/2016/texmf-dist/fonts/type1/public/amsfonts/cm/cmr17.pfb></usr/local/
texlive/2016/texmf-dist/fonts/type1/public/amsfonts/cm/cmr6.pfb></usr/local/tex
live/2016/texmf-dist/fonts/type1/public/amsfonts/cm/cmr8.pfb></usr/local/texliv
e/2016/texmf-dist/fonts/type1/public/amsfonts/cm/cmr9.pfb></usr/local/texlive/2
016/texmf-dist/fonts/type1/public/amsfonts/cm/cmsy10.pfb></usr/local/texlive/20
16/texmf-dist/fonts/type1/public/amsfonts/cm/cmsy8.pfb></usr/local/texlive/2016
/texmf-dist/fonts/type1/public/amsfonts/cm/cmti10.pfb>
Output written on Opioids.pdf (33 pages, 567668 bytes).
PDF statistics:
 187 PDF objects out of 1000 (max. 8388607)
 119 compressed objects within 2 object streams
 0 named destinations out of 1000 (max. 500000)
 81 words of extra memory for PDF output out of 10000 (max. 10000000)

